1600867654829	mozrunner::runner	INFO	Running command: "C:\\Program Files\\Mozilla Firefox\\firefox.exe" "-marionette" "-foreground" "-no-remote" "-profile" "C:\\Users\\13320\\AppData\\Local\\Temp\\rust_mozprofile.g8CtJQQaZiQX"
JavaScript error: resource://gre/modules/XULStore.jsm, line 66: Error: Can't find profile directory.
1600867658809	Marionette	INFO	Listening on port 54482
1600867659191	Marionette	WARN	TLS certificate errors will be ignored for this session
JavaScript error: , line 0: uncaught exception: undefined
Can't find symbol 'eglSwapBuffersWithDamageEXT'.
[Child 16244, Chrome_ChildThread] WARNING: pipe error: 232: file /builds/worker/checkouts/gecko/ipc/chromium/src/chrome/common/ipc_channel_win.cc, line 545
1600867672157	Marionette	INFO	Stopped listening on port 54482

###!!! [Child][RunMessage] Error: Channel closing: too late to send/recv, messages will be lost


###!!! [Child][MessageChannel::SendAndWait] Error: Channel error: cannot send/recv

1600867780645	mozrunner::runner	INFO	Running command: "C:\\Program Files\\Mozilla Firefox\\firefox.exe" "-marionette" "-foreground" "-no-remote" "-profile" "C:\\Users\\13320\\AppData\\Local\\Temp\\rust_mozprofile.ddgHnyv3PEtF"
JavaScript error: resource://gre/modules/XULStore.jsm, line 66: Error: Can't find profile directory.
1600867782746	Marionette	INFO	Listening on port 54650
1600867782767	Marionette	WARN	TLS certificate errors will be ignored for this session
JavaScript error: , line 0: uncaught exception: undefined
Can't find symbol 'eglSwapBuffersWithDamageEXT'.
1600867798703	Marionette	INFO	Stopped listening on port 54650

###!!! [Child][RunMessage] Error: Channel closing: too late to send/recv, messages will be lost


###!!! [Child][MessageChannel::SendAndWait] Error: Channel error: cannot send/recv

1600868812784	mozrunner::runner	INFO	Running command: "C:\\Program Files\\Mozilla Firefox\\firefox.exe" "-marionette" "-foreground" "-no-remote" "-profile" "C:\\Users\\13320\\AppData\\Local\\Temp\\rust_mozprofile.siGWREMB1ysx"
JavaScript error: resource://gre/modules/XULStore.jsm, line 66: Error: Can't find profile directory.
1600868815055	Marionette	INFO	Listening on port 55574
1600868815411	Marionette	WARN	TLS certificate errors will be ignored for this session
Can't find symbol 'eglSwapBuffersWithDamageEXT'.
JavaScript error: , line 0: uncaught exception: undefined
JavaScript error: resource://gre/modules/BackgroundPageThumbs.jsm, line 722: TypeError: captureCallback is not a function
1600868832354	Marionette	INFO	Stopped listening on port 55574

###!!! [Child][RunMessage] Error: Channel closing: too late to send/recv, messages will be lost


###!!! [Child][MessageChannel::SendAndWait] Error: Channel error: cannot send/recv

1600872235885	mozrunner::runner	INFO	Running command: "C:\\Program Files\\Mozilla Firefox\\firefox.exe" "-marionette" "-foreground" "-no-remote" "-profile" "C:\\Users\\13320\\AppData\\Local\\Temp\\rust_mozprofile.hVueCypcl9iI"
JavaScript error: resource://gre/modules/XULStore.jsm, line 66: Error: Can't find profile directory.
1600872238033	Marionette	INFO	Listening on port 57791
1600872238510	Marionette	WARN	TLS certificate errors will be ignored for this session
1600872309560	Marionette	INFO	Stopped listening on port 57791

###!!! [Child][MessageChannel::SendAndWait] Error: Channel error: cannot send/recv

